{
  "uid" : "8ff04657d2f0ef84",
  "name" : "test_delete_decree_text_after_approving",
  "fullName" : "tests.test_decrees.test_decrees.TestDecrees#test_delete_decree_text_after_approving",
  "historyId" : "e567e4c0114248fc12db523fe5e8fe1b",
  "time" : {
    "start" : 1644509710850,
    "stop" : 1644509710850,
    "duration" : 0
  },
  "description" : "\n        Подписание приказов, приложений ПЭП (без выписок). Удаление документов после подписания, но перед регистрацией\n        https://tfs.university.innopolis.ru/tfs/DefaultCollection/%D0%92%D0%BD%D1%83%D1%82%D1%80%D0%B5%D0%BD%D0%BD%D1%8F%D1%8F%20%D1%80%D0%B0%D0%B7%D1%80%D0%B0%D0%B1%D0%BE%D1%82%D0%BA%D0%B0/_workitems/edit/55805\n        ",
  "descriptionHtml" : "<pre><code>    Подписание приказов, приложений ПЭП (без выписок). Удаление документов после подписания, но перед регистрацией\n    https://tfs.university.innopolis.ru/tfs/DefaultCollection/%D0%92%D0%BD%D1%83%D1%82%D1%80%D0%B5%D0%BD%D0%BD%D1%8F%D1%8F%20%D1%80%D0%B0%D0%B7%D1%80%D0%B0%D0%B1%D0%BE%D1%82%D0%BA%D0%B0/_workitems/edit/55805\n</code></pre>\n",
  "status" : "failed",
  "statusMessage" : "selene.core.exceptions.TimeoutException: Message: \n\nTimed out after 20s, while waiting for:\nbrowser.element(('xpath', '//*[@id=\"content-table\"]/table/tbody/tr[1]/td/div/div[3]/div/div/div/div[1]/span/a')).has text ОДОБРЕНИЕ ПРИКАЗА ПОДПИСАНТОМ\n\nReason: AssertionError: actual text: РАССМОТРЕНИЕ ПЕРВОЙ ГРУППОЙ СОГЛАСУЮЩИХ\nScreenshot: file:///home/seluser/.selene/screenshots/1644506296801/1644506296813.png\nPageSource: file:///home/seluser/.selene/screenshots/1644506296801/1644506296813.html",
  "statusTrace" : "self = <selene.core.wait.Wait object at 0x7f2ec97fd1f0>\nfn = <selene.core.conditions.ElementCondition object at 0x7f2ec97fd220>\n\n    def for_(self, fn: Callable[[E], R]) -> R:\n        finish_time = time.time() + self._timeout\n    \n        while True:\n            try:\n>               return fn(self._entity)\n\n/usr/local/lib/python3.8/dist-packages/selene/core/wait.py:102: \n_ _ _ _ _ _ _ _ _ _ _ _ _ _ _ _ _ _ _ _ _ _ _ _ _ _ _ _ _ _ _ _ _ _ _ _ _ _ _ _ \n\nself = <selene.core.conditions.ElementCondition object at 0x7f2ec97fd220>\nargs = (<selene.core.entity.Element object at 0x7f2ec97fdd30>,), kwargs = {}\n\n    def __call__(self, *args, **kwargs):\n>       return self._fn(*args, **kwargs)\n\n/usr/local/lib/python3.8/dist-packages/selene/core/condition.py:136: \n_ _ _ _ _ _ _ _ _ _ _ _ _ _ _ _ _ _ _ _ _ _ _ _ _ _ _ _ _ _ _ _ _ _ _ _ _ _ _ _ \n\nentity = <selene.core.entity.Element object at 0x7f2ec97fdd30>\n\n    def fn(entity: E) -> None:\n        query_to_str = str(query)\n        result = (\n            query.__name__\n            if query_to_str.startswith('<function')\n            else query_to_str\n        )\n        actual = query(entity)\n        if not predicate(actual):\n>           raise AssertionError(f'actual {result}: {actual}')\nE           AssertionError: actual text: РАССМОТРЕНИЕ ПЕРВОЙ ГРУППОЙ СОГЛАСУЮЩИХ\n\n/usr/local/lib/python3.8/dist-packages/selene/core/condition.py:109: AssertionError\n\nDuring handling of the above exception, another exception occurred:\n\ndecree_3rd_type = <models.decree_data.Decree object at 0x7f2ea0053580>\n\n    @pytest.fixture\n    def state_for_delete_after_approving(decree_3rd_type):\n        logger.info(\"Отправка приказа на рассмотрение\")\n        decree_page.send_consideration()\n    \n        logger.info(\"Одобрение приказа на стадии проверки корректности\")\n        admin_panel.auth_as_user(decree_3rd_type.corrector)\n        decrees_list_page.open_decree_by_number(decree_3rd_type.decree_id)\n        decree_page.accept_corrector()\n    \n        logger.info(\"Согласование приказа 1ым согласующим\")\n        admin_panel.auth_as_user(decree_3rd_type.supervisors_1st_group[0])\n        decrees_list_page.open_decree_by_number(decree_3rd_type.decree_id)\n>       decree_page.approve_last_supervisor()\n\ntests/test_decrees/conftest.py:94: \n_ _ _ _ _ _ _ _ _ _ _ _ _ _ _ _ _ _ _ _ _ _ _ _ _ _ _ _ _ _ _ _ _ _ _ _ _ _ _ _ \npages/document_management/decrees/decree_page.py:100: in approve_last_supervisor\n    self.assert_states(\"Одобрение приказа подписантом\")\npages/base_page.py:49: in assert_states\n    self.status_button.with_(Config(timeout=timeout)).should(have.text(status_text))\n/usr/local/lib/python3.8/dist-packages/selene/core/entity.py:379: in should\n    super().should(condition)\n/usr/local/lib/python3.8/dist-packages/selene/core/entity.py:122: in should\n    self.wait.for_(condition)\n_ _ _ _ _ _ _ _ _ _ _ _ _ _ _ _ _ _ _ _ _ _ _ _ _ _ _ _ _ _ _ _ _ _ _ _ _ _ _ _ \n\nself = <selene.core.wait.Wait object at 0x7f2ec97fd1f0>\nfn = <selene.core.conditions.ElementCondition object at 0x7f2ec97fd220>\n\n        def for_(self, fn: Callable[[E], R]) -> R:\n            finish_time = time.time() + self._timeout\n    \n            while True:\n                try:\n                    return fn(self._entity)\n                except Exception as reason:\n                    if time.time() > finish_time:\n    \n                        reason_message = str(reason)\n    \n                        reason_string = '{name}: {message}'.format(\n                            name=reason.__class__.__name__, message=reason_message\n                        )\n                        # todo: think on how can we improve logging failures in selene, e.g. reverse msg and stacktrace\n                        # stacktrace = getattr(reason, 'stacktrace', None)\n                        timeout = self._timeout\n                        entity = self._entity\n    \n                        failure = TimeoutException(\n                            f'''\n    \n    Timed out after {timeout}s, while waiting for:\n    {entity}.{fn}\n    \n    Reason: {reason_string}'''\n                        )\n    \n>                       raise self._hook_failure(failure)\nE                       selene.core.exceptions.TimeoutException: Message: \nE                       \nE                       Timed out after 20s, while waiting for:\nE                       browser.element(('xpath', '//*[@id=\"content-table\"]/table/tbody/tr[1]/td/div/div[3]/div/div/div/div[1]/span/a')).has text ОДОБРЕНИЕ ПРИКАЗА ПОДПИСАНТОМ\nE                       \nE                       Reason: AssertionError: actual text: РАССМОТРЕНИЕ ПЕРВОЙ ГРУППОЙ СОГЛАСУЮЩИХ\nE                       Screenshot: file:///home/seluser/.selene/screenshots/1644506296801/1644506296813.png\nE                       PageSource: file:///home/seluser/.selene/screenshots/1644506296801/1644506296813.html\n\n/usr/local/lib/python3.8/dist-packages/selene/core/wait.py:125: TimeoutException",
  "flaky" : false,
  "newFailed" : false,
  "newBroken" : false,
  "newPassed" : false,
  "retriesCount" : 0,
  "retriesStatusChange" : false,
  "beforeStages" : [ {
    "name" : "_session_faker",
    "time" : {
      "start" : 1644506297641,
      "stop" : 1644506297732,
      "duration" : 91
    },
    "status" : "passed",
    "steps" : [ ],
    "attachments" : [ ],
    "parameters" : [ ],
    "stepsCount" : 0,
    "attachmentsCount" : 0,
    "shouldDisplayMessage" : false,
    "hasContent" : false
  }, {
    "name" : "auth_admin",
    "time" : {
      "start" : 1644506297732,
      "stop" : 1644506313078,
      "duration" : 15346
    },
    "status" : "passed",
    "steps" : [ ],
    "attachments" : [ ],
    "parameters" : [ ],
    "stepsCount" : 0,
    "attachmentsCount" : 0,
    "shouldDisplayMessage" : false,
    "hasContent" : false
  }, {
    "name" : "decree_3rd_type",
    "time" : {
      "start" : 1644509710850,
      "stop" : 1644509752755,
      "duration" : 41905
    },
    "status" : "passed",
    "steps" : [ {
      "name" : "Авторизоваться на портале под ответственным пользователем",
      "time" : {
        "start" : 1644509710851,
        "stop" : 1644509719893,
        "duration" : 9042
      },
      "status" : "passed",
      "steps" : [ {
        "name" : "Авторизоваться под администратором портала",
        "time" : {
          "start" : 1644509710851,
          "stop" : 1644509711442,
          "duration" : 591
        },
        "status" : "passed",
        "steps" : [ ],
        "attachments" : [ ],
        "parameters" : [ ],
        "stepsCount" : 0,
        "attachmentsCount" : 0,
        "shouldDisplayMessage" : false,
        "hasContent" : false
      } ],
      "attachments" : [ ],
      "parameters" : [ {
        "name" : "user",
        "value" : "<common.user.User object at 0x7f2ed54877c0>"
      } ],
      "stepsCount" : 1,
      "attachmentsCount" : 0,
      "shouldDisplayMessage" : false,
      "hasContent" : true
    }, {
      "name" : "Открытие страницы создания приказа",
      "time" : {
        "start" : 1644509719893,
        "stop" : 1644509732836,
        "duration" : 12943
      },
      "status" : "passed",
      "steps" : [ {
        "name" : "Открыть список приказов",
        "time" : {
          "start" : 1644509719893,
          "stop" : 1644509729091,
          "duration" : 9198
        },
        "status" : "passed",
        "steps" : [ ],
        "attachments" : [ ],
        "parameters" : [ ],
        "stepsCount" : 0,
        "attachmentsCount" : 0,
        "shouldDisplayMessage" : false,
        "hasContent" : false
      } ],
      "attachments" : [ ],
      "parameters" : [ ],
      "stepsCount" : 1,
      "attachmentsCount" : 0,
      "shouldDisplayMessage" : false,
      "hasContent" : true
    }, {
      "name" : "Заполнение обязательных полей и создание приказа",
      "time" : {
        "start" : 1644509732837,
        "stop" : 1644509752727,
        "duration" : 19890
      },
      "status" : "passed",
      "steps" : [ ],
      "attachments" : [ ],
      "parameters" : [ {
        "name" : "decree_data",
        "value" : "<models.decree_data.Decree object at 0x7f2ea0053580>"
      } ],
      "stepsCount" : 0,
      "attachmentsCount" : 0,
      "shouldDisplayMessage" : false,
      "hasContent" : true
    }, {
      "name" : "Получение номера приказа",
      "time" : {
        "start" : 1644509752727,
        "stop" : 1644509752755,
        "duration" : 28
      },
      "status" : "passed",
      "steps" : [ ],
      "attachments" : [ ],
      "parameters" : [ ],
      "stepsCount" : 0,
      "attachmentsCount" : 0,
      "shouldDisplayMessage" : false,
      "hasContent" : false
    } ],
    "attachments" : [ ],
    "parameters" : [ ],
    "stepsCount" : 6,
    "attachmentsCount" : 0,
    "shouldDisplayMessage" : false,
    "hasContent" : true
  }, {
    "name" : "state_for_delete_after_approving",
    "time" : {
      "start" : 1644509752755,
      "stop" : 1644509832677,
      "duration" : 79922
    },
    "status" : "failed",
    "statusMessage" : "selene.core.exceptions.TimeoutException: Message: \n\nTimed out after 20s, while waiting for:\nbrowser.element(('xpath', '//*[@id=\"content-table\"]/table/tbody/tr[1]/td/div/div[3]/div/div/div/div[1]/span/a')).has text ОДОБРЕНИЕ ПРИКАЗА ПОДПИСАНТОМ\n\nReason: AssertionError: actual text: РАССМОТРЕНИЕ ПЕРВОЙ ГРУППОЙ СОГЛАСУЮЩИХ\nScreenshot: file:///home/seluser/.selene/screenshots/1644506296801/1644506296813.png\nPageSource: file:///home/seluser/.selene/screenshots/1644506296801/1644506296813.html\n\n",
    "statusTrace" : "  File \"/usr/local/lib/python3.8/dist-packages/pluggy/_callers.py\", line 39, in _multicall\n    res = hook_impl.function(*args)\n  File \"/usr/local/lib/python3.8/dist-packages/_pytest/fixtures.py\", line 1126, in pytest_fixture_setup\n    result = call_fixture_func(fixturefunc, request, kwargs)\n  File \"/usr/local/lib/python3.8/dist-packages/_pytest/fixtures.py\", line 925, in call_fixture_func\n    fixture_result = next(generator)\n  File \"/app/tests/test_decrees/conftest.py\", line 94, in state_for_delete_after_approving\n    decree_page.approve_last_supervisor()\n  File \"/usr/local/lib/python3.8/dist-packages/allure_commons/_allure.py\", line 172, in impl\n    return func(*a, **kw)\n  File \"/app/pages/document_management/decrees/decree_page.py\", line 100, in approve_last_supervisor\n    self.assert_states(\"Одобрение приказа подписантом\")\n  File \"/app/pages/base_page.py\", line 49, in assert_states\n    self.status_button.with_(Config(timeout=timeout)).should(have.text(status_text))\n  File \"/usr/local/lib/python3.8/dist-packages/selene/core/entity.py\", line 379, in should\n    super().should(condition)\n  File \"/usr/local/lib/python3.8/dist-packages/selene/core/entity.py\", line 122, in should\n    self.wait.for_(condition)\n  File \"/usr/local/lib/python3.8/dist-packages/selene/core/wait.py\", line 125, in for_\n    raise self._hook_failure(failure)\n",
    "steps" : [ {
      "name" : "Отправка приказа на рассмотрение",
      "time" : {
        "start" : 1644509752756,
        "stop" : 1644509760153,
        "duration" : 7397
      },
      "status" : "passed",
      "steps" : [ ],
      "attachments" : [ ],
      "parameters" : [ ],
      "stepsCount" : 0,
      "attachmentsCount" : 0,
      "shouldDisplayMessage" : false,
      "hasContent" : false
    }, {
      "name" : "Авторизоваться на портале под ответственным пользователем",
      "time" : {
        "start" : 1644509760154,
        "stop" : 1644509769782,
        "duration" : 9628
      },
      "status" : "passed",
      "steps" : [ {
        "name" : "Авторизоваться под администратором портала",
        "time" : {
          "start" : 1644509760154,
          "stop" : 1644509760744,
          "duration" : 590
        },
        "status" : "passed",
        "steps" : [ ],
        "attachments" : [ ],
        "parameters" : [ ],
        "stepsCount" : 0,
        "attachmentsCount" : 0,
        "shouldDisplayMessage" : false,
        "hasContent" : false
      } ],
      "attachments" : [ ],
      "parameters" : [ {
        "name" : "user",
        "value" : "<common.user.User object at 0x7f2ed54879d0>"
      } ],
      "stepsCount" : 1,
      "attachmentsCount" : 0,
      "shouldDisplayMessage" : false,
      "hasContent" : true
    }, {
      "name" : "Открыть приказ по номеру",
      "time" : {
        "start" : 1644509769782,
        "stop" : 1644509782112,
        "duration" : 12330
      },
      "status" : "passed",
      "steps" : [ {
        "name" : "Открыть список приказов",
        "time" : {
          "start" : 1644509769782,
          "stop" : 1644509777961,
          "duration" : 8179
        },
        "status" : "passed",
        "steps" : [ ],
        "attachments" : [ ],
        "parameters" : [ ],
        "stepsCount" : 0,
        "attachmentsCount" : 0,
        "shouldDisplayMessage" : false,
        "hasContent" : false
      } ],
      "attachments" : [ ],
      "parameters" : [ {
        "name" : "number",
        "value" : "'440431'"
      } ],
      "stepsCount" : 1,
      "attachmentsCount" : 0,
      "shouldDisplayMessage" : false,
      "hasContent" : true
    }, {
      "name" : "Одобрение на стадии проверки корректности приказа",
      "time" : {
        "start" : 1644509782112,
        "stop" : 1644509790434,
        "duration" : 8322
      },
      "status" : "passed",
      "steps" : [ ],
      "attachments" : [ ],
      "parameters" : [ ],
      "stepsCount" : 0,
      "attachmentsCount" : 0,
      "shouldDisplayMessage" : false,
      "hasContent" : false
    }, {
      "name" : "Авторизоваться на портале под ответственным пользователем",
      "time" : {
        "start" : 1644509790435,
        "stop" : 1644509798757,
        "duration" : 8322
      },
      "status" : "passed",
      "steps" : [ {
        "name" : "Авторизоваться под администратором портала",
        "time" : {
          "start" : 1644509790435,
          "stop" : 1644509791026,
          "duration" : 591
        },
        "status" : "passed",
        "steps" : [ ],
        "attachments" : [ ],
        "parameters" : [ ],
        "stepsCount" : 0,
        "attachmentsCount" : 0,
        "shouldDisplayMessage" : false,
        "hasContent" : false
      } ],
      "attachments" : [ ],
      "parameters" : [ {
        "name" : "user",
        "value" : "<common.user.User object at 0x7f2ed54e35e0>"
      } ],
      "stepsCount" : 1,
      "attachmentsCount" : 0,
      "shouldDisplayMessage" : false,
      "hasContent" : true
    }, {
      "name" : "Открыть приказ по номеру",
      "time" : {
        "start" : 1644509798757,
        "stop" : 1644509812170,
        "duration" : 13413
      },
      "status" : "passed",
      "steps" : [ {
        "name" : "Открыть список приказов",
        "time" : {
          "start" : 1644509798757,
          "stop" : 1644509807543,
          "duration" : 8786
        },
        "status" : "passed",
        "steps" : [ ],
        "attachments" : [ ],
        "parameters" : [ ],
        "stepsCount" : 0,
        "attachmentsCount" : 0,
        "shouldDisplayMessage" : false,
        "hasContent" : false
      } ],
      "attachments" : [ ],
      "parameters" : [ {
        "name" : "number",
        "value" : "'440431'"
      } ],
      "stepsCount" : 1,
      "attachmentsCount" : 0,
      "shouldDisplayMessage" : false,
      "hasContent" : true
    }, {
      "name" : "Согласование последним из группы согласующих сотрудником",
      "time" : {
        "start" : 1644509812170,
        "stop" : 1644509832677,
        "duration" : 20507
      },
      "status" : "failed",
      "statusMessage" : "selene.core.exceptions.TimeoutException: Message: \n\nTimed out after 20s, while waiting for:\nbrowser.element(('xpath', '//*[@id=\"content-table\"]/table/tbody/tr[1]/td/div/div[3]/div/div/div/div[1]/span/a')).has text ОДОБРЕНИЕ ПРИКАЗА ПОДПИСАНТОМ\n\nReason: AssertionError: actual text: РАССМОТРЕНИЕ ПЕРВОЙ ГРУППОЙ СОГЛАСУЮЩИХ\nScreenshot: file:///home/seluser/.selene/screenshots/1644506296801/1644506296813.png\nPageSource: file:///home/seluser/.selene/screenshots/1644506296801/1644506296813.html\n\n",
      "statusTrace" : "  File \"/usr/local/lib/python3.8/dist-packages/allure_commons/_allure.py\", line 172, in impl\n    return func(*a, **kw)\n  File \"/app/pages/document_management/decrees/decree_page.py\", line 100, in approve_last_supervisor\n    self.assert_states(\"Одобрение приказа подписантом\")\n  File \"/app/pages/base_page.py\", line 49, in assert_states\n    self.status_button.with_(Config(timeout=timeout)).should(have.text(status_text))\n  File \"/usr/local/lib/python3.8/dist-packages/selene/core/entity.py\", line 379, in should\n    super().should(condition)\n  File \"/usr/local/lib/python3.8/dist-packages/selene/core/entity.py\", line 122, in should\n    self.wait.for_(condition)\n  File \"/usr/local/lib/python3.8/dist-packages/selene/core/wait.py\", line 125, in for_\n    raise self._hook_failure(failure)\n",
      "steps" : [ ],
      "attachments" : [ ],
      "parameters" : [ ],
      "stepsCount" : 0,
      "attachmentsCount" : 0,
      "shouldDisplayMessage" : true,
      "hasContent" : true
    } ],
    "attachments" : [ ],
    "parameters" : [ ],
    "stepsCount" : 11,
    "attachmentsCount" : 0,
    "shouldDisplayMessage" : false,
    "hasContent" : true
  } ],
  "testStage" : {
    "description" : "\n        Подписание приказов, приложений ПЭП (без выписок). Удаление документов после подписания, но перед регистрацией\n        https://tfs.university.innopolis.ru/tfs/DefaultCollection/%D0%92%D0%BD%D1%83%D1%82%D1%80%D0%B5%D0%BD%D0%BD%D1%8F%D1%8F%20%D1%80%D0%B0%D0%B7%D1%80%D0%B0%D0%B1%D0%BE%D1%82%D0%BA%D0%B0/_workitems/edit/55805\n        ",
    "status" : "failed",
    "statusMessage" : "selene.core.exceptions.TimeoutException: Message: \n\nTimed out after 20s, while waiting for:\nbrowser.element(('xpath', '//*[@id=\"content-table\"]/table/tbody/tr[1]/td/div/div[3]/div/div/div/div[1]/span/a')).has text ОДОБРЕНИЕ ПРИКАЗА ПОДПИСАНТОМ\n\nReason: AssertionError: actual text: РАССМОТРЕНИЕ ПЕРВОЙ ГРУППОЙ СОГЛАСУЮЩИХ\nScreenshot: file:///home/seluser/.selene/screenshots/1644506296801/1644506296813.png\nPageSource: file:///home/seluser/.selene/screenshots/1644506296801/1644506296813.html",
    "statusTrace" : "self = <selene.core.wait.Wait object at 0x7f2ec97fd1f0>\nfn = <selene.core.conditions.ElementCondition object at 0x7f2ec97fd220>\n\n    def for_(self, fn: Callable[[E], R]) -> R:\n        finish_time = time.time() + self._timeout\n    \n        while True:\n            try:\n>               return fn(self._entity)\n\n/usr/local/lib/python3.8/dist-packages/selene/core/wait.py:102: \n_ _ _ _ _ _ _ _ _ _ _ _ _ _ _ _ _ _ _ _ _ _ _ _ _ _ _ _ _ _ _ _ _ _ _ _ _ _ _ _ \n\nself = <selene.core.conditions.ElementCondition object at 0x7f2ec97fd220>\nargs = (<selene.core.entity.Element object at 0x7f2ec97fdd30>,), kwargs = {}\n\n    def __call__(self, *args, **kwargs):\n>       return self._fn(*args, **kwargs)\n\n/usr/local/lib/python3.8/dist-packages/selene/core/condition.py:136: \n_ _ _ _ _ _ _ _ _ _ _ _ _ _ _ _ _ _ _ _ _ _ _ _ _ _ _ _ _ _ _ _ _ _ _ _ _ _ _ _ \n\nentity = <selene.core.entity.Element object at 0x7f2ec97fdd30>\n\n    def fn(entity: E) -> None:\n        query_to_str = str(query)\n        result = (\n            query.__name__\n            if query_to_str.startswith('<function')\n            else query_to_str\n        )\n        actual = query(entity)\n        if not predicate(actual):\n>           raise AssertionError(f'actual {result}: {actual}')\nE           AssertionError: actual text: РАССМОТРЕНИЕ ПЕРВОЙ ГРУППОЙ СОГЛАСУЮЩИХ\n\n/usr/local/lib/python3.8/dist-packages/selene/core/condition.py:109: AssertionError\n\nDuring handling of the above exception, another exception occurred:\n\ndecree_3rd_type = <models.decree_data.Decree object at 0x7f2ea0053580>\n\n    @pytest.fixture\n    def state_for_delete_after_approving(decree_3rd_type):\n        logger.info(\"Отправка приказа на рассмотрение\")\n        decree_page.send_consideration()\n    \n        logger.info(\"Одобрение приказа на стадии проверки корректности\")\n        admin_panel.auth_as_user(decree_3rd_type.corrector)\n        decrees_list_page.open_decree_by_number(decree_3rd_type.decree_id)\n        decree_page.accept_corrector()\n    \n        logger.info(\"Согласование приказа 1ым согласующим\")\n        admin_panel.auth_as_user(decree_3rd_type.supervisors_1st_group[0])\n        decrees_list_page.open_decree_by_number(decree_3rd_type.decree_id)\n>       decree_page.approve_last_supervisor()\n\ntests/test_decrees/conftest.py:94: \n_ _ _ _ _ _ _ _ _ _ _ _ _ _ _ _ _ _ _ _ _ _ _ _ _ _ _ _ _ _ _ _ _ _ _ _ _ _ _ _ \npages/document_management/decrees/decree_page.py:100: in approve_last_supervisor\n    self.assert_states(\"Одобрение приказа подписантом\")\npages/base_page.py:49: in assert_states\n    self.status_button.with_(Config(timeout=timeout)).should(have.text(status_text))\n/usr/local/lib/python3.8/dist-packages/selene/core/entity.py:379: in should\n    super().should(condition)\n/usr/local/lib/python3.8/dist-packages/selene/core/entity.py:122: in should\n    self.wait.for_(condition)\n_ _ _ _ _ _ _ _ _ _ _ _ _ _ _ _ _ _ _ _ _ _ _ _ _ _ _ _ _ _ _ _ _ _ _ _ _ _ _ _ \n\nself = <selene.core.wait.Wait object at 0x7f2ec97fd1f0>\nfn = <selene.core.conditions.ElementCondition object at 0x7f2ec97fd220>\n\n        def for_(self, fn: Callable[[E], R]) -> R:\n            finish_time = time.time() + self._timeout\n    \n            while True:\n                try:\n                    return fn(self._entity)\n                except Exception as reason:\n                    if time.time() > finish_time:\n    \n                        reason_message = str(reason)\n    \n                        reason_string = '{name}: {message}'.format(\n                            name=reason.__class__.__name__, message=reason_message\n                        )\n                        # todo: think on how can we improve logging failures in selene, e.g. reverse msg and stacktrace\n                        # stacktrace = getattr(reason, 'stacktrace', None)\n                        timeout = self._timeout\n                        entity = self._entity\n    \n                        failure = TimeoutException(\n                            f'''\n    \n    Timed out after {timeout}s, while waiting for:\n    {entity}.{fn}\n    \n    Reason: {reason_string}'''\n                        )\n    \n>                       raise self._hook_failure(failure)\nE                       selene.core.exceptions.TimeoutException: Message: \nE                       \nE                       Timed out after 20s, while waiting for:\nE                       browser.element(('xpath', '//*[@id=\"content-table\"]/table/tbody/tr[1]/td/div/div[3]/div/div/div/div[1]/span/a')).has text ОДОБРЕНИЕ ПРИКАЗА ПОДПИСАНТОМ\nE                       \nE                       Reason: AssertionError: actual text: РАССМОТРЕНИЕ ПЕРВОЙ ГРУППОЙ СОГЛАСУЮЩИХ\nE                       Screenshot: file:///home/seluser/.selene/screenshots/1644506296801/1644506296813.png\nE                       PageSource: file:///home/seluser/.selene/screenshots/1644506296801/1644506296813.html\n\n/usr/local/lib/python3.8/dist-packages/selene/core/wait.py:125: TimeoutException",
    "steps" : [ ],
    "attachments" : [ {
      "uid" : "5f8136331be8ea40",
      "name" : "log",
      "source" : "5f8136331be8ea40.txt",
      "type" : "text/plain",
      "size" : 744
    } ],
    "parameters" : [ ],
    "stepsCount" : 0,
    "attachmentsCount" : 1,
    "shouldDisplayMessage" : true,
    "hasContent" : true
  },
  "afterStages" : [ {
    "name" : "decree_3rd_type::0",
    "time" : {
      "start" : 1644509832714,
      "stop" : 1644509858233,
      "duration" : 25519
    },
    "status" : "passed",
    "steps" : [ {
      "name" : "Авторизоваться под администратором портала",
      "time" : {
        "start" : 1644509832715,
        "stop" : 1644509833337,
        "duration" : 622
      },
      "status" : "passed",
      "steps" : [ ],
      "attachments" : [ ],
      "parameters" : [ ],
      "stepsCount" : 0,
      "attachmentsCount" : 0,
      "shouldDisplayMessage" : false,
      "hasContent" : false
    }, {
      "name" : "Открыть приказ по номеру",
      "time" : {
        "start" : 1644509837945,
        "stop" : 1644509851246,
        "duration" : 13301
      },
      "status" : "passed",
      "steps" : [ {
        "name" : "Открыть список приказов",
        "time" : {
          "start" : 1644509837945,
          "stop" : 1644509846471,
          "duration" : 8526
        },
        "status" : "passed",
        "steps" : [ ],
        "attachments" : [ ],
        "parameters" : [ ],
        "stepsCount" : 0,
        "attachmentsCount" : 0,
        "shouldDisplayMessage" : false,
        "hasContent" : false
      } ],
      "attachments" : [ ],
      "parameters" : [ {
        "name" : "number",
        "value" : "'440431'"
      } ],
      "stepsCount" : 1,
      "attachmentsCount" : 0,
      "shouldDisplayMessage" : false,
      "hasContent" : true
    } ],
    "attachments" : [ ],
    "parameters" : [ ],
    "stepsCount" : 3,
    "attachmentsCount" : 0,
    "shouldDisplayMessage" : false,
    "hasContent" : true
  }, {
    "name" : "auth_admin::0",
    "time" : {
      "start" : 1644517973294,
      "stop" : 1644517973559,
      "duration" : 265
    },
    "status" : "passed",
    "steps" : [ ],
    "attachments" : [ ],
    "parameters" : [ ],
    "stepsCount" : 0,
    "attachmentsCount" : 0,
    "shouldDisplayMessage" : false,
    "hasContent" : false
  } ],
  "labels" : [ {
    "name" : "tag",
    "value" : "decrees"
  }, {
    "name" : "parentSuite",
    "value" : "tests.test_decrees"
  }, {
    "name" : "suite",
    "value" : "test_decrees"
  }, {
    "name" : "subSuite",
    "value" : "TestDecrees"
  }, {
    "name" : "host",
    "value" : "portal-test-qa-hqc9q"
  }, {
    "name" : "thread",
    "value" : "6-MainThread"
  }, {
    "name" : "framework",
    "value" : "pytest"
  }, {
    "name" : "language",
    "value" : "cpython3"
  }, {
    "name" : "package",
    "value" : "tests.test_decrees.test_decrees"
  }, {
    "name" : "resultFormat",
    "value" : "allure2"
  } ],
  "parameters" : [ ],
  "links" : [ ],
  "hidden" : false,
  "retry" : false,
  "extra" : {
    "severity" : "normal",
    "retries" : [ ],
    "categories" : [ {
      "name" : "Product defects",
      "matchedStatuses" : [ ],
      "flaky" : false
    } ],
    "history" : {
      "statistic" : {
        "failed" : 2,
        "broken" : 0,
        "skipped" : 0,
        "passed" : 0,
        "unknown" : 0,
        "total" : 2
      },
      "items" : [ {
        "uid" : "fbd895ef112bab02",
        "reportUrl" : "../2/index.html#testresult/fbd895ef112bab02",
        "status" : "failed",
        "statusDetails" : "selene.core.exceptions.TimeoutException: Message: \n\nTimed out after 20s, while waiting for:\nbrowser.element(('xpath', '//*[@id=\"content-table\"]/table/tbody/tr[1]/td/div/div[3]/div/div/div/div[1]/span/a')).has text ОДОБРЕНИЕ ПРИКАЗА ПОДПИСАНТОМ\n\nReason: AssertionError: actual text: РАССМОТРЕНИЕ ПЕРВОЙ ГРУППОЙ СОГЛАСУЮЩИХ\nScreenshot: file:///home/seluser/.selene/screenshots/1644506296801/1644506296813.png\nPageSource: file:///home/seluser/.selene/screenshots/1644506296801/1644506296813.html",
        "time" : {
          "start" : 1644509710850,
          "stop" : 1644509710850,
          "duration" : 0
        }
      } ]
    },
    "tags" : [ "decrees" ]
  },
  "source" : "8ff04657d2f0ef84.json",
  "parameterValues" : [ ]
}