{
  "uid" : "a0f03124805cfda1",
  "name" : "test_delete_decree_text_after_approving",
  "fullName" : "tests.test_decrees.test_decrees.TestDecrees#test_delete_decree_text_after_approving",
  "historyId" : "e567e4c0114248fc12db523fe5e8fe1b",
  "time" : {
    "start" : 1646066315643,
    "stop" : 1646066315643,
    "duration" : 0
  },
  "description" : "\n        Подписание приказов, приложений ПЭП (без выписок). Удаление документов после подписания, но перед регистрацией\n        https://tfs.university.innopolis.ru/tfs/DefaultCollection/%D0%92%D0%BD%D1%83%D1%82%D1%80%D0%B5%D0%BD%D0%BD%D1%8F%D1%8F%20%D1%80%D0%B0%D0%B7%D1%80%D0%B0%D0%B1%D0%BE%D1%82%D0%BA%D0%B0/_workitems/edit/55805\n        ",
  "descriptionHtml" : "<pre><code>    Подписание приказов, приложений ПЭП (без выписок). Удаление документов после подписания, но перед регистрацией\n    https://tfs.university.innopolis.ru/tfs/DefaultCollection/%D0%92%D0%BD%D1%83%D1%82%D1%80%D0%B5%D0%BD%D0%BD%D1%8F%D1%8F%20%D1%80%D0%B0%D0%B7%D1%80%D0%B0%D0%B1%D0%BE%D1%82%D0%BA%D0%B0/_workitems/edit/55805\n</code></pre>\n",
  "status" : "failed",
  "statusMessage" : "selene.core.exceptions.TimeoutException: Message: \n\nTimed out after 20s, while waiting for:\nbrowser.element(('xpath', '//*[@id=\"content-table\"]/table/tbody/tr[1]/td/div/div[3]/div/div/div/div[1]/span/a')).has text ОДОБРЕНИЕ ПРИКАЗА ПОДПИСАНТОМ\n\nReason: AssertionError: actual text: РАССМОТРЕНИЕ ПЕРВОЙ ГРУППОЙ СОГЛАСУЮЩИХ\nScreenshot: file:///home/seluser/.selene/screenshots/1646060861837/1646060861853.png\nPageSource: file:///home/seluser/.selene/screenshots/1646060861837/1646060861853.html",
  "statusTrace" : "self = <selene.core.wait.Wait object at 0x7f43e99068b0>\nfn = <selene.core.conditions.ElementCondition object at 0x7f43e99060a0>\n\n    def for_(self, fn: Callable[[E], R]) -> R:\n        finish_time = time.time() + self._timeout\n    \n        while True:\n            try:\n>               return fn(self._entity)\n\n/usr/local/lib/python3.8/dist-packages/selene/core/wait.py:102: \n_ _ _ _ _ _ _ _ _ _ _ _ _ _ _ _ _ _ _ _ _ _ _ _ _ _ _ _ _ _ _ _ _ _ _ _ _ _ _ _ \n\nself = <selene.core.conditions.ElementCondition object at 0x7f43e99060a0>\nargs = (<selene.core.entity.Element object at 0x7f43e9906a90>,), kwargs = {}\n\n    def __call__(self, *args, **kwargs):\n>       return self._fn(*args, **kwargs)\n\n/usr/local/lib/python3.8/dist-packages/selene/core/condition.py:136: \n_ _ _ _ _ _ _ _ _ _ _ _ _ _ _ _ _ _ _ _ _ _ _ _ _ _ _ _ _ _ _ _ _ _ _ _ _ _ _ _ \n\nentity = <selene.core.entity.Element object at 0x7f43e9906a90>\n\n    def fn(entity: E) -> None:\n        query_to_str = str(query)\n        result = (\n            query.__name__\n            if query_to_str.startswith('<function')\n            else query_to_str\n        )\n        actual = query(entity)\n        if not predicate(actual):\n>           raise AssertionError(f'actual {result}: {actual}')\nE           AssertionError: actual text: РАССМОТРЕНИЕ ПЕРВОЙ ГРУППОЙ СОГЛАСУЮЩИХ\n\n/usr/local/lib/python3.8/dist-packages/selene/core/condition.py:109: AssertionError\n\nDuring handling of the above exception, another exception occurred:\n\ndecree_3rd_type = <models.decree_data.Decree object at 0x7f43e98c32e0>\n\n    @pytest.fixture\n    def state_for_delete_after_approving(decree_3rd_type):\n        logger.info(\"Отправка приказа на рассмотрение\")\n        decree_page.send_consideration()\n    \n        logger.info(\"Одобрение приказа на стадии проверки корректности\")\n        admin_panel.auth_as_user(decree_3rd_type.corrector)\n        decrees_list_page.open_decree_by_number(decree_3rd_type.decree_id)\n        decree_page.accept_corrector()\n    \n        logger.info(\"Согласование приказа 1ым согласующим\")\n        admin_panel.auth_as_user(decree_3rd_type.supervisors_1st_group[0])\n        decrees_list_page.open_decree_by_number(decree_3rd_type.decree_id)\n>       decree_page.approve_last_supervisor()\n\ntests/test_decrees/conftest.py:98: \n_ _ _ _ _ _ _ _ _ _ _ _ _ _ _ _ _ _ _ _ _ _ _ _ _ _ _ _ _ _ _ _ _ _ _ _ _ _ _ _ \npages/document_management/decrees/decree_page.py:99: in approve_last_supervisor\n    self.assert_states(\"Одобрение приказа подписантом\")\npages/base_page.py:50: in assert_states\n    self.status_button.have_text(status_text, timeout=timeout)\npages/base_element.py:21: in have_text\n    self.locator.with_(Config(timeout=timeout)).should(have.text(text))\n/usr/local/lib/python3.8/dist-packages/selene/core/entity.py:379: in should\n    super().should(condition)\n/usr/local/lib/python3.8/dist-packages/selene/core/entity.py:122: in should\n    self.wait.for_(condition)\n_ _ _ _ _ _ _ _ _ _ _ _ _ _ _ _ _ _ _ _ _ _ _ _ _ _ _ _ _ _ _ _ _ _ _ _ _ _ _ _ \n\nself = <selene.core.wait.Wait object at 0x7f43e99068b0>\nfn = <selene.core.conditions.ElementCondition object at 0x7f43e99060a0>\n\n        def for_(self, fn: Callable[[E], R]) -> R:\n            finish_time = time.time() + self._timeout\n    \n            while True:\n                try:\n                    return fn(self._entity)\n                except Exception as reason:\n                    if time.time() > finish_time:\n    \n                        reason_message = str(reason)\n    \n                        reason_string = '{name}: {message}'.format(\n                            name=reason.__class__.__name__, message=reason_message\n                        )\n                        # todo: think on how can we improve logging failures in selene, e.g. reverse msg and stacktrace\n                        # stacktrace = getattr(reason, 'stacktrace', None)\n                        timeout = self._timeout\n                        entity = self._entity\n    \n                        failure = TimeoutException(\n                            f'''\n    \n    Timed out after {timeout}s, while waiting for:\n    {entity}.{fn}\n    \n    Reason: {reason_string}'''\n                        )\n    \n>                       raise self._hook_failure(failure)\nE                       selene.core.exceptions.TimeoutException: Message: \nE                       \nE                       Timed out after 20s, while waiting for:\nE                       browser.element(('xpath', '//*[@id=\"content-table\"]/table/tbody/tr[1]/td/div/div[3]/div/div/div/div[1]/span/a')).has text ОДОБРЕНИЕ ПРИКАЗА ПОДПИСАНТОМ\nE                       \nE                       Reason: AssertionError: actual text: РАССМОТРЕНИЕ ПЕРВОЙ ГРУППОЙ СОГЛАСУЮЩИХ\nE                       Screenshot: file:///home/seluser/.selene/screenshots/1646060861837/1646060861853.png\nE                       PageSource: file:///home/seluser/.selene/screenshots/1646060861837/1646060861853.html\n\n/usr/local/lib/python3.8/dist-packages/selene/core/wait.py:125: TimeoutException",
  "flaky" : false,
  "newFailed" : false,
  "newBroken" : false,
  "newPassed" : false,
  "retriesCount" : 0,
  "retriesStatusChange" : false,
  "beforeStages" : [ {
    "name" : "_session_faker",
    "time" : {
      "start" : 1646060863008,
      "stop" : 1646060863189,
      "duration" : 181
    },
    "status" : "passed",
    "steps" : [ ],
    "attachments" : [ ],
    "parameters" : [ ],
    "stepsCount" : 0,
    "attachmentsCount" : 0,
    "shouldDisplayMessage" : false,
    "hasContent" : false
  }, {
    "name" : "auth_admin",
    "time" : {
      "start" : 1646060863189,
      "stop" : 1646060869695,
      "duration" : 6506
    },
    "status" : "passed",
    "steps" : [ ],
    "attachments" : [ ],
    "parameters" : [ ],
    "stepsCount" : 0,
    "attachmentsCount" : 0,
    "shouldDisplayMessage" : false,
    "hasContent" : false
  }, {
    "name" : "decree_3rd_type",
    "time" : {
      "start" : 1646066315644,
      "stop" : 1646066359902,
      "duration" : 44258
    },
    "status" : "passed",
    "steps" : [ {
      "name" : "Авторизоваться на портале под ответственным пользователем",
      "time" : {
        "start" : 1646066315645,
        "stop" : 1646066326088,
        "duration" : 10443
      },
      "status" : "passed",
      "steps" : [ {
        "name" : "Авторизоваться под администратором портала",
        "time" : {
          "start" : 1646066315645,
          "stop" : 1646066316297,
          "duration" : 652
        },
        "status" : "passed",
        "steps" : [ ],
        "attachments" : [ ],
        "parameters" : [ ],
        "stepsCount" : 0,
        "attachmentsCount" : 0,
        "shouldDisplayMessage" : false,
        "hasContent" : false
      } ],
      "attachments" : [ ],
      "parameters" : [ {
        "name" : "user",
        "value" : "Лейсан Мухаметзянова"
      } ],
      "stepsCount" : 1,
      "attachmentsCount" : 0,
      "shouldDisplayMessage" : false,
      "hasContent" : true
    }, {
      "name" : "Открытие страницы создания приказа",
      "time" : {
        "start" : 1646066326089,
        "stop" : 1646066340229,
        "duration" : 14140
      },
      "status" : "passed",
      "steps" : [ {
        "name" : "Открыть список приказов",
        "time" : {
          "start" : 1646066326089,
          "stop" : 1646066336048,
          "duration" : 9959
        },
        "status" : "passed",
        "steps" : [ ],
        "attachments" : [ ],
        "parameters" : [ ],
        "stepsCount" : 0,
        "attachmentsCount" : 0,
        "shouldDisplayMessage" : false,
        "hasContent" : false
      } ],
      "attachments" : [ ],
      "parameters" : [ ],
      "stepsCount" : 1,
      "attachmentsCount" : 0,
      "shouldDisplayMessage" : false,
      "hasContent" : true
    }, {
      "name" : "Заполнение обязательных полей и создание приказа",
      "time" : {
        "start" : 1646066340229,
        "stop" : 1646066359871,
        "duration" : 19642
      },
      "status" : "passed",
      "steps" : [ ],
      "attachments" : [ ],
      "parameters" : [ {
        "name" : "decree_data",
        "value" : "<models.decree_data.Decree object at 0x7f43e98c32e0>"
      } ],
      "stepsCount" : 0,
      "attachmentsCount" : 0,
      "shouldDisplayMessage" : false,
      "hasContent" : true
    }, {
      "name" : "Получение номера приказа",
      "time" : {
        "start" : 1646066359871,
        "stop" : 1646066359902,
        "duration" : 31
      },
      "status" : "passed",
      "steps" : [ ],
      "attachments" : [ ],
      "parameters" : [ ],
      "stepsCount" : 0,
      "attachmentsCount" : 0,
      "shouldDisplayMessage" : false,
      "hasContent" : false
    } ],
    "attachments" : [ ],
    "parameters" : [ ],
    "stepsCount" : 6,
    "attachmentsCount" : 0,
    "shouldDisplayMessage" : false,
    "hasContent" : true
  }, {
    "name" : "state_for_delete_after_approving",
    "time" : {
      "start" : 1646066359902,
      "stop" : 1646066448246,
      "duration" : 88344
    },
    "status" : "failed",
    "statusMessage" : "selene.core.exceptions.TimeoutException: Message: \n\nTimed out after 20s, while waiting for:\nbrowser.element(('xpath', '//*[@id=\"content-table\"]/table/tbody/tr[1]/td/div/div[3]/div/div/div/div[1]/span/a')).has text ОДОБРЕНИЕ ПРИКАЗА ПОДПИСАНТОМ\n\nReason: AssertionError: actual text: РАССМОТРЕНИЕ ПЕРВОЙ ГРУППОЙ СОГЛАСУЮЩИХ\nScreenshot: file:///home/seluser/.selene/screenshots/1646060861837/1646060861853.png\nPageSource: file:///home/seluser/.selene/screenshots/1646060861837/1646060861853.html\n\n",
    "statusTrace" : "  File \"/usr/local/lib/python3.8/dist-packages/pluggy/_callers.py\", line 39, in _multicall\n    res = hook_impl.function(*args)\n  File \"/usr/local/lib/python3.8/dist-packages/_pytest/fixtures.py\", line 1126, in pytest_fixture_setup\n    result = call_fixture_func(fixturefunc, request, kwargs)\n  File \"/usr/local/lib/python3.8/dist-packages/_pytest/fixtures.py\", line 925, in call_fixture_func\n    fixture_result = next(generator)\n  File \"/app/tests/test_decrees/conftest.py\", line 98, in state_for_delete_after_approving\n    decree_page.approve_last_supervisor()\n  File \"/usr/local/lib/python3.8/dist-packages/allure_commons/_allure.py\", line 172, in impl\n    return func(*a, **kw)\n  File \"/app/pages/document_management/decrees/decree_page.py\", line 99, in approve_last_supervisor\n    self.assert_states(\"Одобрение приказа подписантом\")\n  File \"/app/pages/base_page.py\", line 50, in assert_states\n    self.status_button.have_text(status_text, timeout=timeout)\n  File \"/app/pages/base_element.py\", line 21, in have_text\n    self.locator.with_(Config(timeout=timeout)).should(have.text(text))\n  File \"/usr/local/lib/python3.8/dist-packages/selene/core/entity.py\", line 379, in should\n    super().should(condition)\n  File \"/usr/local/lib/python3.8/dist-packages/selene/core/entity.py\", line 122, in should\n    self.wait.for_(condition)\n  File \"/usr/local/lib/python3.8/dist-packages/selene/core/wait.py\", line 125, in for_\n    raise self._hook_failure(failure)\n",
    "steps" : [ {
      "name" : "Отправка приказа на рассмотрение",
      "time" : {
        "start" : 1646066359903,
        "stop" : 1646066368010,
        "duration" : 8107
      },
      "status" : "passed",
      "steps" : [ ],
      "attachments" : [ ],
      "parameters" : [ ],
      "stepsCount" : 0,
      "attachmentsCount" : 0,
      "shouldDisplayMessage" : false,
      "hasContent" : false
    }, {
      "name" : "Авторизоваться на портале под ответственным пользователем",
      "time" : {
        "start" : 1646066368010,
        "stop" : 1646066379230,
        "duration" : 11220
      },
      "status" : "passed",
      "steps" : [ {
        "name" : "Авторизоваться под администратором портала",
        "time" : {
          "start" : 1646066368010,
          "stop" : 1646066368658,
          "duration" : 648
        },
        "status" : "passed",
        "steps" : [ ],
        "attachments" : [ ],
        "parameters" : [ ],
        "stepsCount" : 0,
        "attachmentsCount" : 0,
        "shouldDisplayMessage" : false,
        "hasContent" : false
      } ],
      "attachments" : [ ],
      "parameters" : [ {
        "name" : "user",
        "value" : "Юлия Казаева"
      } ],
      "stepsCount" : 1,
      "attachmentsCount" : 0,
      "shouldDisplayMessage" : false,
      "hasContent" : true
    }, {
      "name" : "Открыть приказ по номеру",
      "time" : {
        "start" : 1646066379230,
        "stop" : 1646066393405,
        "duration" : 14175
      },
      "status" : "passed",
      "steps" : [ {
        "name" : "Открыть список приказов",
        "time" : {
          "start" : 1646066379231,
          "stop" : 1646066388540,
          "duration" : 9309
        },
        "status" : "passed",
        "steps" : [ ],
        "attachments" : [ ],
        "parameters" : [ ],
        "stepsCount" : 0,
        "attachmentsCount" : 0,
        "shouldDisplayMessage" : false,
        "hasContent" : false
      } ],
      "attachments" : [ ],
      "parameters" : [ {
        "name" : "number",
        "value" : "'441620'"
      } ],
      "stepsCount" : 1,
      "attachmentsCount" : 0,
      "shouldDisplayMessage" : false,
      "hasContent" : true
    }, {
      "name" : "Одобрение на стадии проверки корректности приказа",
      "time" : {
        "start" : 1646066393405,
        "stop" : 1646066402807,
        "duration" : 9402
      },
      "status" : "passed",
      "steps" : [ ],
      "attachments" : [ ],
      "parameters" : [ ],
      "stepsCount" : 0,
      "attachmentsCount" : 0,
      "shouldDisplayMessage" : false,
      "hasContent" : false
    }, {
      "name" : "Авторизоваться на портале под ответственным пользователем",
      "time" : {
        "start" : 1646066402808,
        "stop" : 1646066413061,
        "duration" : 10253
      },
      "status" : "passed",
      "steps" : [ {
        "name" : "Авторизоваться под администратором портала",
        "time" : {
          "start" : 1646066402808,
          "stop" : 1646066403400,
          "duration" : 592
        },
        "status" : "passed",
        "steps" : [ ],
        "attachments" : [ ],
        "parameters" : [ ],
        "stepsCount" : 0,
        "attachmentsCount" : 0,
        "shouldDisplayMessage" : false,
        "hasContent" : false
      } ],
      "attachments" : [ ],
      "parameters" : [ {
        "name" : "user",
        "value" : "Эльза Мухаметшина"
      } ],
      "stepsCount" : 1,
      "attachmentsCount" : 0,
      "shouldDisplayMessage" : false,
      "hasContent" : true
    }, {
      "name" : "Открыть приказ по номеру",
      "time" : {
        "start" : 1646066413061,
        "stop" : 1646066427695,
        "duration" : 14634
      },
      "status" : "passed",
      "steps" : [ {
        "name" : "Открыть список приказов",
        "time" : {
          "start" : 1646066413061,
          "stop" : 1646066423204,
          "duration" : 10143
        },
        "status" : "passed",
        "steps" : [ ],
        "attachments" : [ ],
        "parameters" : [ ],
        "stepsCount" : 0,
        "attachmentsCount" : 0,
        "shouldDisplayMessage" : false,
        "hasContent" : false
      } ],
      "attachments" : [ ],
      "parameters" : [ {
        "name" : "number",
        "value" : "'441620'"
      } ],
      "stepsCount" : 1,
      "attachmentsCount" : 0,
      "shouldDisplayMessage" : false,
      "hasContent" : true
    }, {
      "name" : "Согласование последним из группы согласующих сотрудником",
      "time" : {
        "start" : 1646066427695,
        "stop" : 1646066448245,
        "duration" : 20550
      },
      "status" : "failed",
      "statusMessage" : "selene.core.exceptions.TimeoutException: Message: \n\nTimed out after 20s, while waiting for:\nbrowser.element(('xpath', '//*[@id=\"content-table\"]/table/tbody/tr[1]/td/div/div[3]/div/div/div/div[1]/span/a')).has text ОДОБРЕНИЕ ПРИКАЗА ПОДПИСАНТОМ\n\nReason: AssertionError: actual text: РАССМОТРЕНИЕ ПЕРВОЙ ГРУППОЙ СОГЛАСУЮЩИХ\nScreenshot: file:///home/seluser/.selene/screenshots/1646060861837/1646060861853.png\nPageSource: file:///home/seluser/.selene/screenshots/1646060861837/1646060861853.html\n\n",
      "statusTrace" : "  File \"/usr/local/lib/python3.8/dist-packages/allure_commons/_allure.py\", line 172, in impl\n    return func(*a, **kw)\n  File \"/app/pages/document_management/decrees/decree_page.py\", line 99, in approve_last_supervisor\n    self.assert_states(\"Одобрение приказа подписантом\")\n  File \"/app/pages/base_page.py\", line 50, in assert_states\n    self.status_button.have_text(status_text, timeout=timeout)\n  File \"/app/pages/base_element.py\", line 21, in have_text\n    self.locator.with_(Config(timeout=timeout)).should(have.text(text))\n  File \"/usr/local/lib/python3.8/dist-packages/selene/core/entity.py\", line 379, in should\n    super().should(condition)\n  File \"/usr/local/lib/python3.8/dist-packages/selene/core/entity.py\", line 122, in should\n    self.wait.for_(condition)\n  File \"/usr/local/lib/python3.8/dist-packages/selene/core/wait.py\", line 125, in for_\n    raise self._hook_failure(failure)\n",
      "steps" : [ ],
      "attachments" : [ ],
      "parameters" : [ ],
      "stepsCount" : 0,
      "attachmentsCount" : 0,
      "shouldDisplayMessage" : true,
      "hasContent" : true
    } ],
    "attachments" : [ ],
    "parameters" : [ ],
    "stepsCount" : 11,
    "attachmentsCount" : 0,
    "shouldDisplayMessage" : false,
    "hasContent" : true
  } ],
  "testStage" : {
    "description" : "\n        Подписание приказов, приложений ПЭП (без выписок). Удаление документов после подписания, но перед регистрацией\n        https://tfs.university.innopolis.ru/tfs/DefaultCollection/%D0%92%D0%BD%D1%83%D1%82%D1%80%D0%B5%D0%BD%D0%BD%D1%8F%D1%8F%20%D1%80%D0%B0%D0%B7%D1%80%D0%B0%D0%B1%D0%BE%D1%82%D0%BA%D0%B0/_workitems/edit/55805\n        ",
    "status" : "failed",
    "statusMessage" : "selene.core.exceptions.TimeoutException: Message: \n\nTimed out after 20s, while waiting for:\nbrowser.element(('xpath', '//*[@id=\"content-table\"]/table/tbody/tr[1]/td/div/div[3]/div/div/div/div[1]/span/a')).has text ОДОБРЕНИЕ ПРИКАЗА ПОДПИСАНТОМ\n\nReason: AssertionError: actual text: РАССМОТРЕНИЕ ПЕРВОЙ ГРУППОЙ СОГЛАСУЮЩИХ\nScreenshot: file:///home/seluser/.selene/screenshots/1646060861837/1646060861853.png\nPageSource: file:///home/seluser/.selene/screenshots/1646060861837/1646060861853.html",
    "statusTrace" : "self = <selene.core.wait.Wait object at 0x7f43e99068b0>\nfn = <selene.core.conditions.ElementCondition object at 0x7f43e99060a0>\n\n    def for_(self, fn: Callable[[E], R]) -> R:\n        finish_time = time.time() + self._timeout\n    \n        while True:\n            try:\n>               return fn(self._entity)\n\n/usr/local/lib/python3.8/dist-packages/selene/core/wait.py:102: \n_ _ _ _ _ _ _ _ _ _ _ _ _ _ _ _ _ _ _ _ _ _ _ _ _ _ _ _ _ _ _ _ _ _ _ _ _ _ _ _ \n\nself = <selene.core.conditions.ElementCondition object at 0x7f43e99060a0>\nargs = (<selene.core.entity.Element object at 0x7f43e9906a90>,), kwargs = {}\n\n    def __call__(self, *args, **kwargs):\n>       return self._fn(*args, **kwargs)\n\n/usr/local/lib/python3.8/dist-packages/selene/core/condition.py:136: \n_ _ _ _ _ _ _ _ _ _ _ _ _ _ _ _ _ _ _ _ _ _ _ _ _ _ _ _ _ _ _ _ _ _ _ _ _ _ _ _ \n\nentity = <selene.core.entity.Element object at 0x7f43e9906a90>\n\n    def fn(entity: E) -> None:\n        query_to_str = str(query)\n        result = (\n            query.__name__\n            if query_to_str.startswith('<function')\n            else query_to_str\n        )\n        actual = query(entity)\n        if not predicate(actual):\n>           raise AssertionError(f'actual {result}: {actual}')\nE           AssertionError: actual text: РАССМОТРЕНИЕ ПЕРВОЙ ГРУППОЙ СОГЛАСУЮЩИХ\n\n/usr/local/lib/python3.8/dist-packages/selene/core/condition.py:109: AssertionError\n\nDuring handling of the above exception, another exception occurred:\n\ndecree_3rd_type = <models.decree_data.Decree object at 0x7f43e98c32e0>\n\n    @pytest.fixture\n    def state_for_delete_after_approving(decree_3rd_type):\n        logger.info(\"Отправка приказа на рассмотрение\")\n        decree_page.send_consideration()\n    \n        logger.info(\"Одобрение приказа на стадии проверки корректности\")\n        admin_panel.auth_as_user(decree_3rd_type.corrector)\n        decrees_list_page.open_decree_by_number(decree_3rd_type.decree_id)\n        decree_page.accept_corrector()\n    \n        logger.info(\"Согласование приказа 1ым согласующим\")\n        admin_panel.auth_as_user(decree_3rd_type.supervisors_1st_group[0])\n        decrees_list_page.open_decree_by_number(decree_3rd_type.decree_id)\n>       decree_page.approve_last_supervisor()\n\ntests/test_decrees/conftest.py:98: \n_ _ _ _ _ _ _ _ _ _ _ _ _ _ _ _ _ _ _ _ _ _ _ _ _ _ _ _ _ _ _ _ _ _ _ _ _ _ _ _ \npages/document_management/decrees/decree_page.py:99: in approve_last_supervisor\n    self.assert_states(\"Одобрение приказа подписантом\")\npages/base_page.py:50: in assert_states\n    self.status_button.have_text(status_text, timeout=timeout)\npages/base_element.py:21: in have_text\n    self.locator.with_(Config(timeout=timeout)).should(have.text(text))\n/usr/local/lib/python3.8/dist-packages/selene/core/entity.py:379: in should\n    super().should(condition)\n/usr/local/lib/python3.8/dist-packages/selene/core/entity.py:122: in should\n    self.wait.for_(condition)\n_ _ _ _ _ _ _ _ _ _ _ _ _ _ _ _ _ _ _ _ _ _ _ _ _ _ _ _ _ _ _ _ _ _ _ _ _ _ _ _ \n\nself = <selene.core.wait.Wait object at 0x7f43e99068b0>\nfn = <selene.core.conditions.ElementCondition object at 0x7f43e99060a0>\n\n        def for_(self, fn: Callable[[E], R]) -> R:\n            finish_time = time.time() + self._timeout\n    \n            while True:\n                try:\n                    return fn(self._entity)\n                except Exception as reason:\n                    if time.time() > finish_time:\n    \n                        reason_message = str(reason)\n    \n                        reason_string = '{name}: {message}'.format(\n                            name=reason.__class__.__name__, message=reason_message\n                        )\n                        # todo: think on how can we improve logging failures in selene, e.g. reverse msg and stacktrace\n                        # stacktrace = getattr(reason, 'stacktrace', None)\n                        timeout = self._timeout\n                        entity = self._entity\n    \n                        failure = TimeoutException(\n                            f'''\n    \n    Timed out after {timeout}s, while waiting for:\n    {entity}.{fn}\n    \n    Reason: {reason_string}'''\n                        )\n    \n>                       raise self._hook_failure(failure)\nE                       selene.core.exceptions.TimeoutException: Message: \nE                       \nE                       Timed out after 20s, while waiting for:\nE                       browser.element(('xpath', '//*[@id=\"content-table\"]/table/tbody/tr[1]/td/div/div[3]/div/div/div/div[1]/span/a')).has text ОДОБРЕНИЕ ПРИКАЗА ПОДПИСАНТОМ\nE                       \nE                       Reason: AssertionError: actual text: РАССМОТРЕНИЕ ПЕРВОЙ ГРУППОЙ СОГЛАСУЮЩИХ\nE                       Screenshot: file:///home/seluser/.selene/screenshots/1646060861837/1646060861853.png\nE                       PageSource: file:///home/seluser/.selene/screenshots/1646060861837/1646060861853.html\n\n/usr/local/lib/python3.8/dist-packages/selene/core/wait.py:125: TimeoutException",
    "steps" : [ ],
    "attachments" : [ {
      "uid" : "557eb91020443453",
      "name" : "log",
      "source" : "557eb91020443453.txt",
      "type" : "text/plain",
      "size" : 744
    } ],
    "parameters" : [ ],
    "stepsCount" : 0,
    "attachmentsCount" : 1,
    "shouldDisplayMessage" : true,
    "hasContent" : true
  },
  "afterStages" : [ {
    "name" : "decree_3rd_type::0",
    "time" : {
      "start" : 1646066448323,
      "stop" : 1646066477831,
      "duration" : 29508
    },
    "status" : "passed",
    "steps" : [ {
      "name" : "Авторизоваться под администратором портала",
      "time" : {
        "start" : 1646066448323,
        "stop" : 1646066448955,
        "duration" : 632
      },
      "status" : "passed",
      "steps" : [ ],
      "attachments" : [ ],
      "parameters" : [ ],
      "stepsCount" : 0,
      "attachmentsCount" : 0,
      "shouldDisplayMessage" : false,
      "hasContent" : false
    }, {
      "name" : "Открыть приказ по номеру",
      "time" : {
        "start" : 1646066454704,
        "stop" : 1646066470227,
        "duration" : 15523
      },
      "status" : "passed",
      "steps" : [ {
        "name" : "Открыть список приказов",
        "time" : {
          "start" : 1646066454704,
          "stop" : 1646066464749,
          "duration" : 10045
        },
        "status" : "passed",
        "steps" : [ ],
        "attachments" : [ ],
        "parameters" : [ ],
        "stepsCount" : 0,
        "attachmentsCount" : 0,
        "shouldDisplayMessage" : false,
        "hasContent" : false
      } ],
      "attachments" : [ ],
      "parameters" : [ {
        "name" : "number",
        "value" : "'441620'"
      } ],
      "stepsCount" : 1,
      "attachmentsCount" : 0,
      "shouldDisplayMessage" : false,
      "hasContent" : true
    } ],
    "attachments" : [ ],
    "parameters" : [ ],
    "stepsCount" : 3,
    "attachmentsCount" : 0,
    "shouldDisplayMessage" : false,
    "hasContent" : true
  }, {
    "name" : "auth_admin::0",
    "time" : {
      "start" : 1646076832803,
      "stop" : 1646076832831,
      "duration" : 28
    },
    "status" : "passed",
    "steps" : [ ],
    "attachments" : [ ],
    "parameters" : [ ],
    "stepsCount" : 0,
    "attachmentsCount" : 0,
    "shouldDisplayMessage" : false,
    "hasContent" : false
  } ],
  "labels" : [ {
    "name" : "tag",
    "value" : "decrees"
  }, {
    "name" : "parentSuite",
    "value" : "tests.test_decrees"
  }, {
    "name" : "suite",
    "value" : "test_decrees"
  }, {
    "name" : "subSuite",
    "value" : "TestDecrees"
  }, {
    "name" : "host",
    "value" : "portal-test-qa-gxmtf"
  }, {
    "name" : "thread",
    "value" : "7-MainThread"
  }, {
    "name" : "framework",
    "value" : "pytest"
  }, {
    "name" : "language",
    "value" : "cpython3"
  }, {
    "name" : "package",
    "value" : "tests.test_decrees.test_decrees"
  }, {
    "name" : "resultFormat",
    "value" : "allure2"
  } ],
  "parameters" : [ ],
  "links" : [ ],
  "hidden" : true,
  "retry" : true,
  "extra" : {
    "categories" : [ ],
    "tags" : [ "decrees" ]
  },
  "source" : "a0f03124805cfda1.json",
  "parameterValues" : [ ]
}