{
  "uid" : "d7e80ac8cb0cf727",
  "name" : "test_delete_decree_text_after_approving",
  "fullName" : "tests.test_decrees.test_decrees.TestDecrees#test_delete_decree_text_after_approving",
  "historyId" : "e567e4c0114248fc12db523fe5e8fe1b",
  "time" : {
    "start" : 1646110214031,
    "stop" : 1646110214031,
    "duration" : 0
  },
  "description" : "\n        Подписание приказов, приложений ПЭП (без выписок). Удаление документов после подписания, но перед регистрацией\n        https://tfs.university.innopolis.ru/tfs/DefaultCollection/%D0%92%D0%BD%D1%83%D1%82%D1%80%D0%B5%D0%BD%D0%BD%D1%8F%D1%8F%20%D1%80%D0%B0%D0%B7%D1%80%D0%B0%D0%B1%D0%BE%D1%82%D0%BA%D0%B0/_workitems/edit/55805\n        ",
  "descriptionHtml" : "<pre><code>    Подписание приказов, приложений ПЭП (без выписок). Удаление документов после подписания, но перед регистрацией\n    https://tfs.university.innopolis.ru/tfs/DefaultCollection/%D0%92%D0%BD%D1%83%D1%82%D1%80%D0%B5%D0%BD%D0%BD%D1%8F%D1%8F%20%D1%80%D0%B0%D0%B7%D1%80%D0%B0%D0%B1%D0%BE%D1%82%D0%BA%D0%B0/_workitems/edit/55805\n</code></pre>\n",
  "status" : "failed",
  "statusMessage" : "selene.core.exceptions.TimeoutException: Message: \n\nTimed out after 20s, while waiting for:\nbrowser.element(('xpath', '//*[@id=\"content-table\"]/table/tbody/tr[1]/td/div/div[3]/div/div/div/div[1]/span/a')).has text ОДОБРЕНИЕ ПРИКАЗА ПОДПИСАНТОМ\n\nReason: AssertionError: actual text: РАССМОТРЕНИЕ ПЕРВОЙ ГРУППОЙ СОГЛАСУЮЩИХ\nScreenshot: file:///home/seluser/.selene/screenshots/1646105436442/1646105436461.png\nPageSource: file:///home/seluser/.selene/screenshots/1646105436442/1646105436461.html",
  "statusTrace" : "self = <selene.core.wait.Wait object at 0x7f646b98bc40>\nfn = <selene.core.conditions.ElementCondition object at 0x7f646b98b430>\n\n    def for_(self, fn: Callable[[E], R]) -> R:\n        finish_time = time.time() + self._timeout\n    \n        while True:\n            try:\n>               return fn(self._entity)\n\n/usr/local/lib/python3.8/dist-packages/selene/core/wait.py:102: \n_ _ _ _ _ _ _ _ _ _ _ _ _ _ _ _ _ _ _ _ _ _ _ _ _ _ _ _ _ _ _ _ _ _ _ _ _ _ _ _ \n\nself = <selene.core.conditions.ElementCondition object at 0x7f646b98b430>\nargs = (<selene.core.entity.Element object at 0x7f646b98b970>,), kwargs = {}\n\n    def __call__(self, *args, **kwargs):\n>       return self._fn(*args, **kwargs)\n\n/usr/local/lib/python3.8/dist-packages/selene/core/condition.py:136: \n_ _ _ _ _ _ _ _ _ _ _ _ _ _ _ _ _ _ _ _ _ _ _ _ _ _ _ _ _ _ _ _ _ _ _ _ _ _ _ _ \n\nentity = <selene.core.entity.Element object at 0x7f646b98b970>\n\n    def fn(entity: E) -> None:\n        query_to_str = str(query)\n        result = (\n            query.__name__\n            if query_to_str.startswith('<function')\n            else query_to_str\n        )\n        actual = query(entity)\n        if not predicate(actual):\n>           raise AssertionError(f'actual {result}: {actual}')\nE           AssertionError: actual text: РАССМОТРЕНИЕ ПЕРВОЙ ГРУППОЙ СОГЛАСУЮЩИХ\n\n/usr/local/lib/python3.8/dist-packages/selene/core/condition.py:109: AssertionError\n\nDuring handling of the above exception, another exception occurred:\n\ndecree_3rd_type = <models.decree_data.Decree object at 0x7f6494d146d0>\n\n    @pytest.fixture\n    def state_for_delete_after_approving(decree_3rd_type):\n        logger.info(\"Отправка приказа на рассмотрение\")\n        decree_page.send_consideration()\n    \n        logger.info(\"Одобрение приказа на стадии проверки корректности\")\n        admin_panel.auth_as_user(decree_3rd_type.corrector)\n        decrees_list_page.open_decree_by_number(decree_3rd_type.decree_id)\n        decree_page.accept_corrector()\n    \n        logger.info(\"Согласование приказа 1ым согласующим\")\n        admin_panel.auth_as_user(decree_3rd_type.supervisors_1st_group[0])\n        decrees_list_page.open_decree_by_number(decree_3rd_type.decree_id)\n>       decree_page.approve_last_supervisor()\n\ntests/test_decrees/conftest.py:98: \n_ _ _ _ _ _ _ _ _ _ _ _ _ _ _ _ _ _ _ _ _ _ _ _ _ _ _ _ _ _ _ _ _ _ _ _ _ _ _ _ \npages/document_management/decrees/decree_page.py:99: in approve_last_supervisor\n    self.assert_states(\"Одобрение приказа подписантом\")\npages/base_page.py:50: in assert_states\n    self.status_button.have_text(status_text, timeout=timeout)\npages/base_element.py:21: in have_text\n    self.locator.with_(Config(timeout=timeout)).should(have.text(text))\n/usr/local/lib/python3.8/dist-packages/selene/core/entity.py:379: in should\n    super().should(condition)\n/usr/local/lib/python3.8/dist-packages/selene/core/entity.py:122: in should\n    self.wait.for_(condition)\n_ _ _ _ _ _ _ _ _ _ _ _ _ _ _ _ _ _ _ _ _ _ _ _ _ _ _ _ _ _ _ _ _ _ _ _ _ _ _ _ \n\nself = <selene.core.wait.Wait object at 0x7f646b98bc40>\nfn = <selene.core.conditions.ElementCondition object at 0x7f646b98b430>\n\n        def for_(self, fn: Callable[[E], R]) -> R:\n            finish_time = time.time() + self._timeout\n    \n            while True:\n                try:\n                    return fn(self._entity)\n                except Exception as reason:\n                    if time.time() > finish_time:\n    \n                        reason_message = str(reason)\n    \n                        reason_string = '{name}: {message}'.format(\n                            name=reason.__class__.__name__, message=reason_message\n                        )\n                        # todo: think on how can we improve logging failures in selene, e.g. reverse msg and stacktrace\n                        # stacktrace = getattr(reason, 'stacktrace', None)\n                        timeout = self._timeout\n                        entity = self._entity\n    \n                        failure = TimeoutException(\n                            f'''\n    \n    Timed out after {timeout}s, while waiting for:\n    {entity}.{fn}\n    \n    Reason: {reason_string}'''\n                        )\n    \n>                       raise self._hook_failure(failure)\nE                       selene.core.exceptions.TimeoutException: Message: \nE                       \nE                       Timed out after 20s, while waiting for:\nE                       browser.element(('xpath', '//*[@id=\"content-table\"]/table/tbody/tr[1]/td/div/div[3]/div/div/div/div[1]/span/a')).has text ОДОБРЕНИЕ ПРИКАЗА ПОДПИСАНТОМ\nE                       \nE                       Reason: AssertionError: actual text: РАССМОТРЕНИЕ ПЕРВОЙ ГРУППОЙ СОГЛАСУЮЩИХ\nE                       Screenshot: file:///home/seluser/.selene/screenshots/1646105436442/1646105436461.png\nE                       PageSource: file:///home/seluser/.selene/screenshots/1646105436442/1646105436461.html\n\n/usr/local/lib/python3.8/dist-packages/selene/core/wait.py:125: TimeoutException",
  "flaky" : false,
  "newFailed" : false,
  "newBroken" : false,
  "newPassed" : false,
  "retriesCount" : 1,
  "retriesStatusChange" : false,
  "beforeStages" : [ {
    "name" : "_session_faker",
    "time" : {
      "start" : 1646105437591,
      "stop" : 1646105437735,
      "duration" : 144
    },
    "status" : "passed",
    "steps" : [ ],
    "attachments" : [ ],
    "parameters" : [ ],
    "stepsCount" : 0,
    "attachmentsCount" : 0,
    "shouldDisplayMessage" : false,
    "hasContent" : false
  }, {
    "name" : "auth_admin",
    "time" : {
      "start" : 1646105437735,
      "stop" : 1646105452312,
      "duration" : 14577
    },
    "status" : "passed",
    "steps" : [ ],
    "attachments" : [ ],
    "parameters" : [ ],
    "stepsCount" : 0,
    "attachmentsCount" : 0,
    "shouldDisplayMessage" : false,
    "hasContent" : false
  }, {
    "name" : "decree_3rd_type",
    "time" : {
      "start" : 1646110214031,
      "stop" : 1646110256169,
      "duration" : 42138
    },
    "status" : "passed",
    "steps" : [ {
      "name" : "Авторизоваться на портале под ответственным пользователем",
      "time" : {
        "start" : 1646110214032,
        "stop" : 1646110224149,
        "duration" : 10117
      },
      "status" : "passed",
      "steps" : [ {
        "name" : "Авторизоваться под администратором портала",
        "time" : {
          "start" : 1646110214032,
          "stop" : 1646110214619,
          "duration" : 587
        },
        "status" : "passed",
        "steps" : [ ],
        "attachments" : [ ],
        "parameters" : [ ],
        "stepsCount" : 0,
        "attachmentsCount" : 0,
        "shouldDisplayMessage" : false,
        "hasContent" : false
      } ],
      "attachments" : [ ],
      "parameters" : [ {
        "name" : "user",
        "value" : "Лейсан Мухаметзянова"
      } ],
      "stepsCount" : 1,
      "attachmentsCount" : 0,
      "shouldDisplayMessage" : false,
      "hasContent" : true
    }, {
      "name" : "Открытие страницы создания приказа",
      "time" : {
        "start" : 1646110224149,
        "stop" : 1646110237312,
        "duration" : 13163
      },
      "status" : "passed",
      "steps" : [ {
        "name" : "Открыть список приказов",
        "time" : {
          "start" : 1646110224149,
          "stop" : 1646110233449,
          "duration" : 9300
        },
        "status" : "passed",
        "steps" : [ ],
        "attachments" : [ ],
        "parameters" : [ ],
        "stepsCount" : 0,
        "attachmentsCount" : 0,
        "shouldDisplayMessage" : false,
        "hasContent" : false
      } ],
      "attachments" : [ ],
      "parameters" : [ ],
      "stepsCount" : 1,
      "attachmentsCount" : 0,
      "shouldDisplayMessage" : false,
      "hasContent" : true
    }, {
      "name" : "Заполнение обязательных полей и создание приказа",
      "time" : {
        "start" : 1646110237312,
        "stop" : 1646110256137,
        "duration" : 18825
      },
      "status" : "passed",
      "steps" : [ ],
      "attachments" : [ ],
      "parameters" : [ {
        "name" : "decree_data",
        "value" : "<models.decree_data.Decree object at 0x7f6494d146d0>"
      } ],
      "stepsCount" : 0,
      "attachmentsCount" : 0,
      "shouldDisplayMessage" : false,
      "hasContent" : true
    }, {
      "name" : "Получение номера приказа",
      "time" : {
        "start" : 1646110256138,
        "stop" : 1646110256169,
        "duration" : 31
      },
      "status" : "passed",
      "steps" : [ ],
      "attachments" : [ ],
      "parameters" : [ ],
      "stepsCount" : 0,
      "attachmentsCount" : 0,
      "shouldDisplayMessage" : false,
      "hasContent" : false
    } ],
    "attachments" : [ ],
    "parameters" : [ ],
    "stepsCount" : 6,
    "attachmentsCount" : 0,
    "shouldDisplayMessage" : false,
    "hasContent" : true
  }, {
    "name" : "state_for_delete_after_approving",
    "time" : {
      "start" : 1646110256169,
      "stop" : 1646110346270,
      "duration" : 90101
    },
    "status" : "failed",
    "statusMessage" : "selene.core.exceptions.TimeoutException: Message: \n\nTimed out after 20s, while waiting for:\nbrowser.element(('xpath', '//*[@id=\"content-table\"]/table/tbody/tr[1]/td/div/div[3]/div/div/div/div[1]/span/a')).has text ОДОБРЕНИЕ ПРИКАЗА ПОДПИСАНТОМ\n\nReason: AssertionError: actual text: РАССМОТРЕНИЕ ПЕРВОЙ ГРУППОЙ СОГЛАСУЮЩИХ\nScreenshot: file:///home/seluser/.selene/screenshots/1646105436442/1646105436461.png\nPageSource: file:///home/seluser/.selene/screenshots/1646105436442/1646105436461.html\n\n",
    "statusTrace" : "  File \"/usr/local/lib/python3.8/dist-packages/pluggy/_callers.py\", line 39, in _multicall\n    res = hook_impl.function(*args)\n  File \"/usr/local/lib/python3.8/dist-packages/_pytest/fixtures.py\", line 1126, in pytest_fixture_setup\n    result = call_fixture_func(fixturefunc, request, kwargs)\n  File \"/usr/local/lib/python3.8/dist-packages/_pytest/fixtures.py\", line 925, in call_fixture_func\n    fixture_result = next(generator)\n  File \"/app/tests/test_decrees/conftest.py\", line 98, in state_for_delete_after_approving\n    decree_page.approve_last_supervisor()\n  File \"/usr/local/lib/python3.8/dist-packages/allure_commons/_allure.py\", line 172, in impl\n    return func(*a, **kw)\n  File \"/app/pages/document_management/decrees/decree_page.py\", line 99, in approve_last_supervisor\n    self.assert_states(\"Одобрение приказа подписантом\")\n  File \"/app/pages/base_page.py\", line 50, in assert_states\n    self.status_button.have_text(status_text, timeout=timeout)\n  File \"/app/pages/base_element.py\", line 21, in have_text\n    self.locator.with_(Config(timeout=timeout)).should(have.text(text))\n  File \"/usr/local/lib/python3.8/dist-packages/selene/core/entity.py\", line 379, in should\n    super().should(condition)\n  File \"/usr/local/lib/python3.8/dist-packages/selene/core/entity.py\", line 122, in should\n    self.wait.for_(condition)\n  File \"/usr/local/lib/python3.8/dist-packages/selene/core/wait.py\", line 125, in for_\n    raise self._hook_failure(failure)\n",
    "steps" : [ {
      "name" : "Отправка приказа на рассмотрение",
      "time" : {
        "start" : 1646110256170,
        "stop" : 1646110263826,
        "duration" : 7656
      },
      "status" : "passed",
      "steps" : [ ],
      "attachments" : [ ],
      "parameters" : [ ],
      "stepsCount" : 0,
      "attachmentsCount" : 0,
      "shouldDisplayMessage" : false,
      "hasContent" : false
    }, {
      "name" : "Авторизоваться на портале под ответственным пользователем",
      "time" : {
        "start" : 1646110263826,
        "stop" : 1646110274795,
        "duration" : 10969
      },
      "status" : "passed",
      "steps" : [ {
        "name" : "Авторизоваться под администратором портала",
        "time" : {
          "start" : 1646110263826,
          "stop" : 1646110264545,
          "duration" : 719
        },
        "status" : "passed",
        "steps" : [ ],
        "attachments" : [ ],
        "parameters" : [ ],
        "stepsCount" : 0,
        "attachmentsCount" : 0,
        "shouldDisplayMessage" : false,
        "hasContent" : false
      } ],
      "attachments" : [ ],
      "parameters" : [ {
        "name" : "user",
        "value" : "Юлия Казаева"
      } ],
      "stepsCount" : 1,
      "attachmentsCount" : 0,
      "shouldDisplayMessage" : false,
      "hasContent" : true
    }, {
      "name" : "Открыть приказ по номеру",
      "time" : {
        "start" : 1646110274795,
        "stop" : 1646110287678,
        "duration" : 12883
      },
      "status" : "passed",
      "steps" : [ {
        "name" : "Открыть список приказов",
        "time" : {
          "start" : 1646110274795,
          "stop" : 1646110283113,
          "duration" : 8318
        },
        "status" : "passed",
        "steps" : [ ],
        "attachments" : [ ],
        "parameters" : [ ],
        "stepsCount" : 0,
        "attachmentsCount" : 0,
        "shouldDisplayMessage" : false,
        "hasContent" : false
      } ],
      "attachments" : [ ],
      "parameters" : [ {
        "name" : "number",
        "value" : "'441736'"
      } ],
      "stepsCount" : 1,
      "attachmentsCount" : 0,
      "shouldDisplayMessage" : false,
      "hasContent" : true
    }, {
      "name" : "Одобрение на стадии проверки корректности приказа",
      "time" : {
        "start" : 1646110287679,
        "stop" : 1646110301535,
        "duration" : 13856
      },
      "status" : "passed",
      "steps" : [ ],
      "attachments" : [ ],
      "parameters" : [ ],
      "stepsCount" : 0,
      "attachmentsCount" : 0,
      "shouldDisplayMessage" : false,
      "hasContent" : false
    }, {
      "name" : "Авторизоваться на портале под ответственным пользователем",
      "time" : {
        "start" : 1646110301536,
        "stop" : 1646110311082,
        "duration" : 9546
      },
      "status" : "passed",
      "steps" : [ {
        "name" : "Авторизоваться под администратором портала",
        "time" : {
          "start" : 1646110301536,
          "stop" : 1646110302177,
          "duration" : 641
        },
        "status" : "passed",
        "steps" : [ ],
        "attachments" : [ ],
        "parameters" : [ ],
        "stepsCount" : 0,
        "attachmentsCount" : 0,
        "shouldDisplayMessage" : false,
        "hasContent" : false
      } ],
      "attachments" : [ ],
      "parameters" : [ {
        "name" : "user",
        "value" : "Эльза Мухаметшина"
      } ],
      "stepsCount" : 1,
      "attachmentsCount" : 0,
      "shouldDisplayMessage" : false,
      "hasContent" : true
    }, {
      "name" : "Открыть приказ по номеру",
      "time" : {
        "start" : 1646110311083,
        "stop" : 1646110325655,
        "duration" : 14572
      },
      "status" : "passed",
      "steps" : [ {
        "name" : "Открыть список приказов",
        "time" : {
          "start" : 1646110311083,
          "stop" : 1646110321560,
          "duration" : 10477
        },
        "status" : "passed",
        "steps" : [ ],
        "attachments" : [ ],
        "parameters" : [ ],
        "stepsCount" : 0,
        "attachmentsCount" : 0,
        "shouldDisplayMessage" : false,
        "hasContent" : false
      } ],
      "attachments" : [ ],
      "parameters" : [ {
        "name" : "number",
        "value" : "'441736'"
      } ],
      "stepsCount" : 1,
      "attachmentsCount" : 0,
      "shouldDisplayMessage" : false,
      "hasContent" : true
    }, {
      "name" : "Согласование последним из группы согласующих сотрудником",
      "time" : {
        "start" : 1646110325655,
        "stop" : 1646110346270,
        "duration" : 20615
      },
      "status" : "failed",
      "statusMessage" : "selene.core.exceptions.TimeoutException: Message: \n\nTimed out after 20s, while waiting for:\nbrowser.element(('xpath', '//*[@id=\"content-table\"]/table/tbody/tr[1]/td/div/div[3]/div/div/div/div[1]/span/a')).has text ОДОБРЕНИЕ ПРИКАЗА ПОДПИСАНТОМ\n\nReason: AssertionError: actual text: РАССМОТРЕНИЕ ПЕРВОЙ ГРУППОЙ СОГЛАСУЮЩИХ\nScreenshot: file:///home/seluser/.selene/screenshots/1646105436442/1646105436461.png\nPageSource: file:///home/seluser/.selene/screenshots/1646105436442/1646105436461.html\n\n",
      "statusTrace" : "  File \"/usr/local/lib/python3.8/dist-packages/allure_commons/_allure.py\", line 172, in impl\n    return func(*a, **kw)\n  File \"/app/pages/document_management/decrees/decree_page.py\", line 99, in approve_last_supervisor\n    self.assert_states(\"Одобрение приказа подписантом\")\n  File \"/app/pages/base_page.py\", line 50, in assert_states\n    self.status_button.have_text(status_text, timeout=timeout)\n  File \"/app/pages/base_element.py\", line 21, in have_text\n    self.locator.with_(Config(timeout=timeout)).should(have.text(text))\n  File \"/usr/local/lib/python3.8/dist-packages/selene/core/entity.py\", line 379, in should\n    super().should(condition)\n  File \"/usr/local/lib/python3.8/dist-packages/selene/core/entity.py\", line 122, in should\n    self.wait.for_(condition)\n  File \"/usr/local/lib/python3.8/dist-packages/selene/core/wait.py\", line 125, in for_\n    raise self._hook_failure(failure)\n",
      "steps" : [ ],
      "attachments" : [ ],
      "parameters" : [ ],
      "stepsCount" : 0,
      "attachmentsCount" : 0,
      "shouldDisplayMessage" : true,
      "hasContent" : true
    } ],
    "attachments" : [ ],
    "parameters" : [ ],
    "stepsCount" : 11,
    "attachmentsCount" : 0,
    "shouldDisplayMessage" : false,
    "hasContent" : true
  } ],
  "testStage" : {
    "description" : "\n        Подписание приказов, приложений ПЭП (без выписок). Удаление документов после подписания, но перед регистрацией\n        https://tfs.university.innopolis.ru/tfs/DefaultCollection/%D0%92%D0%BD%D1%83%D1%82%D1%80%D0%B5%D0%BD%D0%BD%D1%8F%D1%8F%20%D1%80%D0%B0%D0%B7%D1%80%D0%B0%D0%B1%D0%BE%D1%82%D0%BA%D0%B0/_workitems/edit/55805\n        ",
    "status" : "failed",
    "statusMessage" : "selene.core.exceptions.TimeoutException: Message: \n\nTimed out after 20s, while waiting for:\nbrowser.element(('xpath', '//*[@id=\"content-table\"]/table/tbody/tr[1]/td/div/div[3]/div/div/div/div[1]/span/a')).has text ОДОБРЕНИЕ ПРИКАЗА ПОДПИСАНТОМ\n\nReason: AssertionError: actual text: РАССМОТРЕНИЕ ПЕРВОЙ ГРУППОЙ СОГЛАСУЮЩИХ\nScreenshot: file:///home/seluser/.selene/screenshots/1646105436442/1646105436461.png\nPageSource: file:///home/seluser/.selene/screenshots/1646105436442/1646105436461.html",
    "statusTrace" : "self = <selene.core.wait.Wait object at 0x7f646b98bc40>\nfn = <selene.core.conditions.ElementCondition object at 0x7f646b98b430>\n\n    def for_(self, fn: Callable[[E], R]) -> R:\n        finish_time = time.time() + self._timeout\n    \n        while True:\n            try:\n>               return fn(self._entity)\n\n/usr/local/lib/python3.8/dist-packages/selene/core/wait.py:102: \n_ _ _ _ _ _ _ _ _ _ _ _ _ _ _ _ _ _ _ _ _ _ _ _ _ _ _ _ _ _ _ _ _ _ _ _ _ _ _ _ \n\nself = <selene.core.conditions.ElementCondition object at 0x7f646b98b430>\nargs = (<selene.core.entity.Element object at 0x7f646b98b970>,), kwargs = {}\n\n    def __call__(self, *args, **kwargs):\n>       return self._fn(*args, **kwargs)\n\n/usr/local/lib/python3.8/dist-packages/selene/core/condition.py:136: \n_ _ _ _ _ _ _ _ _ _ _ _ _ _ _ _ _ _ _ _ _ _ _ _ _ _ _ _ _ _ _ _ _ _ _ _ _ _ _ _ \n\nentity = <selene.core.entity.Element object at 0x7f646b98b970>\n\n    def fn(entity: E) -> None:\n        query_to_str = str(query)\n        result = (\n            query.__name__\n            if query_to_str.startswith('<function')\n            else query_to_str\n        )\n        actual = query(entity)\n        if not predicate(actual):\n>           raise AssertionError(f'actual {result}: {actual}')\nE           AssertionError: actual text: РАССМОТРЕНИЕ ПЕРВОЙ ГРУППОЙ СОГЛАСУЮЩИХ\n\n/usr/local/lib/python3.8/dist-packages/selene/core/condition.py:109: AssertionError\n\nDuring handling of the above exception, another exception occurred:\n\ndecree_3rd_type = <models.decree_data.Decree object at 0x7f6494d146d0>\n\n    @pytest.fixture\n    def state_for_delete_after_approving(decree_3rd_type):\n        logger.info(\"Отправка приказа на рассмотрение\")\n        decree_page.send_consideration()\n    \n        logger.info(\"Одобрение приказа на стадии проверки корректности\")\n        admin_panel.auth_as_user(decree_3rd_type.corrector)\n        decrees_list_page.open_decree_by_number(decree_3rd_type.decree_id)\n        decree_page.accept_corrector()\n    \n        logger.info(\"Согласование приказа 1ым согласующим\")\n        admin_panel.auth_as_user(decree_3rd_type.supervisors_1st_group[0])\n        decrees_list_page.open_decree_by_number(decree_3rd_type.decree_id)\n>       decree_page.approve_last_supervisor()\n\ntests/test_decrees/conftest.py:98: \n_ _ _ _ _ _ _ _ _ _ _ _ _ _ _ _ _ _ _ _ _ _ _ _ _ _ _ _ _ _ _ _ _ _ _ _ _ _ _ _ \npages/document_management/decrees/decree_page.py:99: in approve_last_supervisor\n    self.assert_states(\"Одобрение приказа подписантом\")\npages/base_page.py:50: in assert_states\n    self.status_button.have_text(status_text, timeout=timeout)\npages/base_element.py:21: in have_text\n    self.locator.with_(Config(timeout=timeout)).should(have.text(text))\n/usr/local/lib/python3.8/dist-packages/selene/core/entity.py:379: in should\n    super().should(condition)\n/usr/local/lib/python3.8/dist-packages/selene/core/entity.py:122: in should\n    self.wait.for_(condition)\n_ _ _ _ _ _ _ _ _ _ _ _ _ _ _ _ _ _ _ _ _ _ _ _ _ _ _ _ _ _ _ _ _ _ _ _ _ _ _ _ \n\nself = <selene.core.wait.Wait object at 0x7f646b98bc40>\nfn = <selene.core.conditions.ElementCondition object at 0x7f646b98b430>\n\n        def for_(self, fn: Callable[[E], R]) -> R:\n            finish_time = time.time() + self._timeout\n    \n            while True:\n                try:\n                    return fn(self._entity)\n                except Exception as reason:\n                    if time.time() > finish_time:\n    \n                        reason_message = str(reason)\n    \n                        reason_string = '{name}: {message}'.format(\n                            name=reason.__class__.__name__, message=reason_message\n                        )\n                        # todo: think on how can we improve logging failures in selene, e.g. reverse msg and stacktrace\n                        # stacktrace = getattr(reason, 'stacktrace', None)\n                        timeout = self._timeout\n                        entity = self._entity\n    \n                        failure = TimeoutException(\n                            f'''\n    \n    Timed out after {timeout}s, while waiting for:\n    {entity}.{fn}\n    \n    Reason: {reason_string}'''\n                        )\n    \n>                       raise self._hook_failure(failure)\nE                       selene.core.exceptions.TimeoutException: Message: \nE                       \nE                       Timed out after 20s, while waiting for:\nE                       browser.element(('xpath', '//*[@id=\"content-table\"]/table/tbody/tr[1]/td/div/div[3]/div/div/div/div[1]/span/a')).has text ОДОБРЕНИЕ ПРИКАЗА ПОДПИСАНТОМ\nE                       \nE                       Reason: AssertionError: actual text: РАССМОТРЕНИЕ ПЕРВОЙ ГРУППОЙ СОГЛАСУЮЩИХ\nE                       Screenshot: file:///home/seluser/.selene/screenshots/1646105436442/1646105436461.png\nE                       PageSource: file:///home/seluser/.selene/screenshots/1646105436442/1646105436461.html\n\n/usr/local/lib/python3.8/dist-packages/selene/core/wait.py:125: TimeoutException",
    "steps" : [ ],
    "attachments" : [ {
      "uid" : "279a0dd713542bd1",
      "name" : "log",
      "source" : "279a0dd713542bd1.txt",
      "type" : "text/plain",
      "size" : 744
    } ],
    "parameters" : [ ],
    "stepsCount" : 0,
    "attachmentsCount" : 1,
    "shouldDisplayMessage" : true,
    "hasContent" : true
  },
  "afterStages" : [ {
    "name" : "decree_3rd_type::0",
    "time" : {
      "start" : 1646110346313,
      "stop" : 1646110373994,
      "duration" : 27681
    },
    "status" : "passed",
    "steps" : [ {
      "name" : "Авторизоваться под администратором портала",
      "time" : {
        "start" : 1646110346313,
        "stop" : 1646110346928,
        "duration" : 615
      },
      "status" : "passed",
      "steps" : [ ],
      "attachments" : [ ],
      "parameters" : [ ],
      "stepsCount" : 0,
      "attachmentsCount" : 0,
      "shouldDisplayMessage" : false,
      "hasContent" : false
    }, {
      "name" : "Открыть приказ по номеру",
      "time" : {
        "start" : 1646110352151,
        "stop" : 1646110366442,
        "duration" : 14291
      },
      "status" : "passed",
      "steps" : [ {
        "name" : "Открыть список приказов",
        "time" : {
          "start" : 1646110352151,
          "stop" : 1646110360971,
          "duration" : 8820
        },
        "status" : "passed",
        "steps" : [ ],
        "attachments" : [ ],
        "parameters" : [ ],
        "stepsCount" : 0,
        "attachmentsCount" : 0,
        "shouldDisplayMessage" : false,
        "hasContent" : false
      } ],
      "attachments" : [ ],
      "parameters" : [ {
        "name" : "number",
        "value" : "'441736'"
      } ],
      "stepsCount" : 1,
      "attachmentsCount" : 0,
      "shouldDisplayMessage" : false,
      "hasContent" : true
    } ],
    "attachments" : [ ],
    "parameters" : [ ],
    "stepsCount" : 3,
    "attachmentsCount" : 0,
    "shouldDisplayMessage" : false,
    "hasContent" : true
  }, {
    "name" : "auth_admin::0",
    "time" : {
      "start" : 1646120368874,
      "stop" : 1646120369069,
      "duration" : 195
    },
    "status" : "passed",
    "steps" : [ ],
    "attachments" : [ ],
    "parameters" : [ ],
    "stepsCount" : 0,
    "attachmentsCount" : 0,
    "shouldDisplayMessage" : false,
    "hasContent" : false
  } ],
  "labels" : [ {
    "name" : "tag",
    "value" : "decrees"
  }, {
    "name" : "parentSuite",
    "value" : "tests.test_decrees"
  }, {
    "name" : "suite",
    "value" : "test_decrees"
  }, {
    "name" : "subSuite",
    "value" : "TestDecrees"
  }, {
    "name" : "host",
    "value" : "portal-test-qa-6pqtk"
  }, {
    "name" : "thread",
    "value" : "6-MainThread"
  }, {
    "name" : "framework",
    "value" : "pytest"
  }, {
    "name" : "language",
    "value" : "cpython3"
  }, {
    "name" : "package",
    "value" : "tests.test_decrees.test_decrees"
  }, {
    "name" : "resultFormat",
    "value" : "allure2"
  } ],
  "parameters" : [ ],
  "links" : [ ],
  "hidden" : false,
  "retry" : false,
  "extra" : {
    "severity" : "normal",
    "retries" : [ {
      "uid" : "a0f03124805cfda1",
      "status" : "failed",
      "statusDetails" : "selene.core.exceptions.TimeoutException: Message: \n\nTimed out after 20s, while waiting for:\nbrowser.element(('xpath', '//*[@id=\"content-table\"]/table/tbody/tr[1]/td/div/div[3]/div/div/div/div[1]/span/a')).has text ОДОБРЕНИЕ ПРИКАЗА ПОДПИСАНТОМ\n\nReason: AssertionError: actual text: РАССМОТРЕНИЕ ПЕРВОЙ ГРУППОЙ СОГЛАСУЮЩИХ\nScreenshot: file:///home/seluser/.selene/screenshots/1646060861837/1646060861853.png\nPageSource: file:///home/seluser/.selene/screenshots/1646060861837/1646060861853.html",
      "time" : {
        "start" : 1646066315643,
        "stop" : 1646066315643,
        "duration" : 0
      }
    } ],
    "categories" : [ {
      "name" : "Product defects",
      "matchedStatuses" : [ ],
      "flaky" : false
    } ],
    "history" : {
      "statistic" : {
        "failed" : 2,
        "broken" : 0,
        "skipped" : 0,
        "passed" : 0,
        "unknown" : 0,
        "total" : 2
      },
      "items" : [ {
        "uid" : "6a75a6c18d4d4363",
        "reportUrl" : "../2/index.html#testresult/6a75a6c18d4d4363",
        "status" : "failed",
        "statusDetails" : "selene.core.exceptions.TimeoutException: Message: \n\nTimed out after 20s, while waiting for:\nbrowser.element(('xpath', '//*[@id=\"content-table\"]/table/tbody/tr[1]/td/div/div[3]/div/div/div/div[1]/span/a')).has text ОДОБРЕНИЕ ПРИКАЗА ПОДПИСАНТОМ\n\nReason: AssertionError: actual text: РАССМОТРЕНИЕ ПЕРВОЙ ГРУППОЙ СОГЛАСУЮЩИХ\nScreenshot: file:///home/seluser/.selene/screenshots/1646060861837/1646060861853.png\nPageSource: file:///home/seluser/.selene/screenshots/1646060861837/1646060861853.html",
        "time" : {
          "start" : 1646066315643,
          "stop" : 1646066315643,
          "duration" : 0
        }
      } ]
    },
    "tags" : [ "decrees" ]
  },
  "source" : "d7e80ac8cb0cf727.json",
  "parameterValues" : [ ]
}